aff_last_param/aff_last_param.c: In function ‘main’:
aff_last_param/aff_last_param.c:19:42: warning: passing argument 2 of ‘write’ makes pointer from integer without a cast [-Wint-conversion]
   19 |                         write(1, av[ac-1][i], 1);
      |                                  ~~~~~~~~^~~
      |                                          |
      |                                          char
In file included from aff_last_param/aff_last_param.c:12:
/usr/include/unistd.h:378:45: note: expected ‘const void *’ but argument is of type ‘char’
  378 | extern ssize_t write (int __fd, const void *__buf, size_t __n) __wur
      |                                 ~~~~~~~~~~~~^~~~~

chats$
$
-------
j'aime le savon$
$
-------
zz sent le poney$
$
-------
AAAAaaaaaaaaAa$
$
-------
